<?xml version="1.0" encoding="UTF-8"?>
<!-- Generated by org.testng.reporters.JUnitReportReporter -->
<testsuite hostname="BDC7-L-1Z7XLV1" name="poc_app.tests.LoginTests" tests="2" failures="0" timestamp="16 Jan 2017 16:56:40 GMT" time="129.694" errors="0">
  <testcase name="testInValidLogin" time="68.193" classname="poc_app.tests.LoginTests"/>
  <testcase name="testValidLogin" time="61.501" classname="poc_app.tests.LoginTests"/>
</testsuite> <!-- poc_app.tests.LoginTests -->
