<?xml version="1.0" encoding="UTF-8"?>
<!-- Generated by org.testng.reporters.JUnitReportReporter -->
<testsuite hostname="BDC7-L-1Z7XLV1" name="poc_app.tests.LoginTests" tests="2" failures="0" timestamp="12 Jan 2017 04:55:26 GMT" time="226.003" errors="0">
  <testcase name="testInValidLogin" time="49.418" classname="poc_app.tests.LoginTests"/>
  <testcase name="testValidLogin" time="176.585" classname="poc_app.tests.LoginTests"/>
</testsuite> <!-- poc_app.tests.LoginTests -->
