<?xml version="1.0" encoding="UTF-8"?>
<!-- Generated by org.testng.reporters.JUnitReportReporter -->
<testsuite hostname="BDC7-L-1Z7XLV1" name="poc_app.tests.LoginTests" tests="2" failures="0" timestamp="12 Jan 2017 10:59:43 GMT" time="109.537" errors="0">
  <testcase name="testValidLogin" time="49.570" classname="poc_app.tests.LoginTests"/>
  <testcase name="testInValidLogin" time="59.967" classname="poc_app.tests.LoginTests"/>
</testsuite> <!-- poc_app.tests.LoginTests -->
