<?xml version="1.0" encoding="UTF-8"?>
<!-- Generated by org.testng.reporters.JUnitReportReporter -->
<testsuite hostname="BDC7-L-1Z7XLV1" name="mwo.tests.LoginTests" tests="2" failures="0" timestamp="22 Dec 2016 10:14:55 GMT" time="126.228" errors="0">
  <testcase name="testValidLogin" time="56.411" classname="mwo.tests.LoginTests"/>
  <testcase name="testInValidLogin" time="69.817" classname="mwo.tests.LoginTests"/>
</testsuite> <!-- mwo.tests.LoginTests -->
