<?xml version="1.0" encoding="UTF-8"?>
<!-- Generated by org.testng.reporters.JUnitReportReporter -->
<testsuite hostname="BDC7-L-1Z7XLV1" name="mwo.tests.LoginTests" tests="2" failures="0" timestamp="22 Dec 2016 10:11:21 GMT" time="144.829" errors="0">
  <testcase name="testValidLogin" time="58.486" classname="mwo.tests.LoginTests"/>
  <testcase name="testInValidLogin" time="86.343" classname="mwo.tests.LoginTests"/>
</testsuite> <!-- mwo.tests.LoginTests -->
