<?xml version="1.0" encoding="UTF-8"?>
<!-- Generated by org.testng.reporters.JUnitReportReporter -->
<testsuite hostname="BDC7-L-1Z7XLV1" name="mwo.tests.LoginTests" tests="2" failures="0" timestamp="21 Dec 2016 20:57:51 GMT" time="115.945" errors="0">
  <testcase name="testValidLogin" time="59.972" classname="mwo.tests.LoginTests"/>
  <testcase name="testInValidLogin" time="55.973" classname="mwo.tests.LoginTests"/>
</testsuite> <!-- mwo.tests.LoginTests -->
