<?xml version="1.0" encoding="UTF-8"?>
<!-- Generated by org.testng.reporters.JUnitReportReporter -->
<testsuite hostname="BDC7-L-1Z7XLV1" name="poc_app.tests.LoginTests" tests="2" failures="0" timestamp="16 Jan 2017 14:25:54 GMT" time="118.485" errors="0">
  <testcase name="testInValidLogin" time="64.603" classname="poc_app.tests.LoginTests"/>
  <testcase name="testValidLogin" time="53.882" classname="poc_app.tests.LoginTests"/>
</testsuite> <!-- poc_app.tests.LoginTests -->
