<?xml version="1.0" encoding="UTF-8"?>
<!-- Generated by org.testng.reporters.JUnitReportReporter -->
<testsuite hostname="BDC7-L-1Z7XLV1" name="poc_app.tests.LoginTests" tests="2" failures="0" timestamp="13 Jan 2017 11:24:16 GMT" time="140.131" errors="0">
  <testcase name="testValidLogin" time="70.080" classname="poc_app.tests.LoginTests"/>
  <testcase name="testInValidLogin" time="70.051" classname="poc_app.tests.LoginTests"/>
</testsuite> <!-- poc_app.tests.LoginTests -->
