<?xml version="1.0" encoding="UTF-8"?>
<!-- Generated by org.testng.reporters.JUnitReportReporter -->
<testsuite hostname="BDC7-L-1Z7XLV1" name="mwo.tests.LoginTests" tests="2" failures="0" timestamp="4 Jan 2017 09:25:25 GMT" time="101.739" errors="0">
  <testcase name="testValidLogin" time="41.011" classname="mwo.tests.LoginTests"/>
  <testcase name="testInValidLogin" time="60.728" classname="mwo.tests.LoginTests"/>
</testsuite> <!-- mwo.tests.LoginTests -->
