<?xml version="1.0" encoding="UTF-8"?>
<!-- Generated by org.testng.reporters.JUnitReportReporter -->
<testsuite hostname="BDC7-L-1Z7XLV1" name="poc_app.tests.LoginTests" tests="2" failures="0" timestamp="9 Jan 2017 18:11:42 GMT" time="108.165" errors="0">
  <testcase name="testValidLogin" time="50.854" classname="poc_app.tests.LoginTests"/>
  <testcase name="testInValidLogin" time="57.311" classname="poc_app.tests.LoginTests"/>
</testsuite> <!-- poc_app.tests.LoginTests -->
