<?xml version="1.0" encoding="UTF-8"?>
<!-- Generated by org.testng.reporters.JUnitReportReporter -->
<testsuite hostname="BDC7-L-1Z7XLV1" name="poc_app.tests.LoginTests" tests="2" failures="0" timestamp="30 Jan 2017 14:31:39 GMT" time="117.036" errors="0">
  <testcase name="testInValidLogin" time="64.678" classname="poc_app.tests.LoginTests"/>
  <testcase name="testValidLogin" time="52.358" classname="poc_app.tests.LoginTests"/>
</testsuite> <!-- poc_app.tests.LoginTests -->
