<?xml version="1.0" encoding="UTF-8"?>
<!-- Generated by org.testng.reporters.JUnitReportReporter -->
<testsuite hostname="BDC7-L-1Z7XLV1" name="mwo.tests.LoginTests" tests="2" failures="0" timestamp="22 Dec 2016 10:51:21 GMT" time="147.782" errors="0">
  <testcase name="testValidLogin" time="62.295" classname="mwo.tests.LoginTests"/>
  <testcase name="testInValidLogin" time="85.487" classname="mwo.tests.LoginTests"/>
</testsuite> <!-- mwo.tests.LoginTests -->
